
2025-02-07 20:43:14,356 - services.file_service - WARNING - Delete attempt by non-existent user: model_679d9e88a8dfea66734d06be
2025-02-15 18:20:20,594 - services.keywords - WARNING - Requested unknown category: natural_eye_color
2025-02-15 18:22:34,784 - services.keywords - WARNING - Requested unknown category: natural_eye_color
2025-02-15 20:55:19,719 - services.keywords - WARNING - Requested unknown category: eye_colors
2025-02-24 10:55:04,800 - services.file_service - WARNING - File retrieval attempt by non-existent user: model_679d9e88a8dfea66734d06be
2025-02-24 10:55:41,978 - services.file_service - WARNING - File URL retrieval attempt by non-existent user: model_679d9e88a8dfea66734d06be
2025-02-24 10:56:43,865 - services.file_service - WARNING - Invalid folder attempt by model_67b0b61dfc92219dd6b060bd: profile
2025-03-03 18:09:11,098 - services.file_service - WARNING - Delete attempt by non-existent user: model_679d9e88a8dfea66734d06be
2025-03-15 07:00:51,241 - services.file_service - WARNING - Upload attempt by non-existent project: project_67cc81f1f853e4ee8c8b0f49
2025-03-15 07:01:57,737 - services.file_service - WARNING - Upload attempt by non-existent project: project_67cc81f1f853e4ee8c8b0f49
2025-03-15 07:03:41,216 - services.file_service - WARNING - Upload attempt by non-existent project: project_67cc81f1f853e4ee8c8b0f49
2025-03-20 14:55:23,582 - slowapi - WARNING - ratelimit 5 per 3 minute (127.0.0.1) exceeded at endpoint: /api/v1/users/
2025-03-20 14:55:38,957 - slowapi - WARNING - ratelimit 5 per 3 minute (127.0.0.1) exceeded at endpoint: /api/v1/users/
2025-03-20 14:59:10,832 - slowapi - WARNING - ratelimit 5 per 3 minute (127.0.0.1) exceeded at endpoint: /api/v1/users/
2025-04-02 21:14:22,143 - fastapi - ERROR - Error creating indexes: SSL handshake failed: clustermodella-shard-00-01.4abp1.mongodb.net:27017: [WinError 10054] An existing connection was forcibly closed by the remote host (configured timeouts: socketTimeoutMS: 20000.0ms, connectTimeoutMS: 20000.0ms),SSL handshake failed: clustermodella-shard-00-00.4abp1.mongodb.net:27017: [WinError 10054] An existing connection was forcibly closed by the remote host (configured timeouts: socketTimeoutMS: 20000.0ms, connectTimeoutMS: 20000.0ms),SSL handshake failed: clustermodella-shard-00-02.4abp1.mongodb.net:27017: [WinError 10054] An existing connection was forcibly closed by the remote host (configured timeouts: socketTimeoutMS: 20000.0ms, connectTimeoutMS: 20000.0ms), Timeout: 30s, Topology Description: <TopologyDescription id: 67ed5b350f3f347d433939bf, topology_type: ReplicaSetNoPrimary, servers: [<ServerDescription ('clustermodella-shard-00-00.4abp1.mongodb.net', 27017) server_type: Unknown, rtt: None, error=AutoReconnect('SSL handshake failed: clustermodella-shard-00-00.4abp1.mongodb.net:27017: [WinError 10054] An existing connection was forcibly closed by the remote host (configured timeouts: socketTimeoutMS: 20000.0ms, connectTimeoutMS: 20000.0ms)')>, <ServerDescription ('clustermodella-shard-00-01.4abp1.mongodb.net', 27017) server_type: Unknown, rtt: None, error=AutoReconnect('SSL handshake failed: clustermodella-shard-00-01.4abp1.mongodb.net:27017: [WinError 10054] An existing connection was forcibly closed by the remote host (configured timeouts: socketTimeoutMS: 20000.0ms, connectTimeoutMS: 20000.0ms)')>, <ServerDescription ('clustermodella-shard-00-02.4abp1.mongodb.net', 27017) server_type: Unknown, rtt: None, error=AutoReconnect('SSL handshake failed: clustermodella-shard-00-02.4abp1.mongodb.net:27017: [WinError 10054] An existing connection was forcibly closed by the remote host (configured timeouts: socketTimeoutMS: 20000.0ms, connectTimeoutMS: 20000.0ms)')>]>
2025-04-02 21:22:28,302 - fastapi - ERROR - Error creating indexes: SSL handshake failed: clustermodella-shard-00-00.4abp1.mongodb.net:27017: [WinError 10054] An existing connection was forcibly closed by the remote host (configured timeouts: socketTimeoutMS: 20000.0ms, connectTimeoutMS: 20000.0ms),SSL handshake failed: clustermodella-shard-00-02.4abp1.mongodb.net:27017: [WinError 10054] An existing connection was forcibly closed by the remote host (configured timeouts: socketTimeoutMS: 20000.0ms, connectTimeoutMS: 20000.0ms),SSL handshake failed: clustermodella-shard-00-01.4abp1.mongodb.net:27017: _ssl.c:983: The handshake operation timed out (configured timeouts: socketTimeoutMS: 20000.0ms, connectTimeoutMS: 20000.0ms), Timeout: 30s, Topology Description: <TopologyDescription id: 67ed5d1b237e020977e876d7, topology_type: ReplicaSetNoPrimary, servers: [<ServerDescription ('clustermodella-shard-00-00.4abp1.mongodb.net', 27017) server_type: Unknown, rtt: None, error=AutoReconnect('SSL handshake failed: clustermodella-shard-00-00.4abp1.mongodb.net:27017: [WinError 10054] An existing connection was forcibly closed by the remote host (configured timeouts: socketTimeoutMS: 20000.0ms, connectTimeoutMS: 20000.0ms)')>, <ServerDescription ('clustermodella-shard-00-01.4abp1.mongodb.net', 27017) server_type: Unknown, rtt: None, error=NetworkTimeout('SSL handshake failed: clustermodella-shard-00-01.4abp1.mongodb.net:27017: _ssl.c:983: The handshake operation timed out (configured timeouts: socketTimeoutMS: 20000.0ms, connectTimeoutMS: 20000.0ms)')>, <ServerDescription ('clustermodella-shard-00-02.4abp1.mongodb.net', 27017) server_type: Unknown, rtt: None, error=AutoReconnect('SSL handshake failed: clustermodella-shard-00-02.4abp1.mongodb.net:27017: [WinError 10054] An existing connection was forcibly closed by the remote host (configured timeouts: socketTimeoutMS: 20000.0ms, connectTimeoutMS: 20000.0ms)')>]>
2025-04-02 21:25:55,225 - fastapi - ERROR - Error creating indexes: SSL handshake failed: clustermodella-shard-00-00.4abp1.mongodb.net:27017: [WinError 10054] An existing connection was forcibly closed by the remote host (configured timeouts: socketTimeoutMS: 20000.0ms, connectTimeoutMS: 20000.0ms),SSL handshake failed: clustermodella-shard-00-01.4abp1.mongodb.net:27017: [WinError 10054] An existing connection was forcibly closed by the remote host (configured timeouts: socketTimeoutMS: 20000.0ms, connectTimeoutMS: 20000.0ms),SSL handshake failed: clustermodella-shard-00-02.4abp1.mongodb.net:27017: _ssl.c:983: The handshake operation timed out (configured timeouts: socketTimeoutMS: 20000.0ms, connectTimeoutMS: 20000.0ms), Timeout: 30s, Topology Description: <TopologyDescription id: 67ed5deb36b3a04cdeebc023, topology_type: ReplicaSetNoPrimary, servers: [<ServerDescription ('clustermodella-shard-00-00.4abp1.mongodb.net', 27017) server_type: Unknown, rtt: None, error=AutoReconnect('SSL handshake failed: clustermodella-shard-00-00.4abp1.mongodb.net:27017: [WinError 10054] An existing connection was forcibly closed by the remote host (configured timeouts: socketTimeoutMS: 20000.0ms, connectTimeoutMS: 20000.0ms)')>, <ServerDescription ('clustermodella-shard-00-01.4abp1.mongodb.net', 27017) server_type: Unknown, rtt: None, error=AutoReconnect('SSL handshake failed: clustermodella-shard-00-01.4abp1.mongodb.net:27017: [WinError 10054] An existing connection was forcibly closed by the remote host (configured timeouts: socketTimeoutMS: 20000.0ms, connectTimeoutMS: 20000.0ms)')>, <ServerDescription ('clustermodella-shard-00-02.4abp1.mongodb.net', 27017) server_type: Unknown, rtt: None, error=NetworkTimeout('SSL handshake failed: clustermodella-shard-00-02.4abp1.mongodb.net:27017: _ssl.c:983: The handshake operation timed out (configured timeouts: socketTimeoutMS: 20000.0ms, connectTimeoutMS: 20000.0ms)')>]>
2025-04-03 22:18:10,431 - services.file_service - WARNING - File retrieval attempt by non-existent user: 
2025-04-03 22:18:10,454 - services.file_service - WARNING - File retrieval attempt by non-existent user: 
2025-04-03 22:18:10,464 - services.file_service - WARNING - File retrieval attempt by non-existent user: 
2025-04-03 22:18:10,480 - services.file_service - WARNING - File retrieval attempt by non-existent user: 
2025-04-03 22:18:10,489 - services.file_service - WARNING - File retrieval attempt by non-existent user: 
2025-04-03 22:18:10,497 - services.file_service - WARNING - File retrieval attempt by non-existent user: 
2025-04-03 22:18:10,804 - services.file_service - WARNING - File retrieval attempt by non-existent user: 
2025-04-03 22:18:10,814 - services.file_service - WARNING - File retrieval attempt by non-existent user: 
2025-04-03 22:18:45,064 - services.file_service - WARNING - File retrieval attempt by non-existent user: 
2025-04-03 22:18:45,069 - services.file_service - WARNING - File retrieval attempt by non-existent user: 
2025-04-03 22:18:45,077 - services.file_service - WARNING - File retrieval attempt by non-existent user: 
2025-04-03 22:18:45,081 - services.file_service - WARNING - File retrieval attempt by non-existent user: 
2025-04-03 22:18:45,089 - services.file_service - WARNING - File retrieval attempt by non-existent user: 
2025-04-03 22:18:45,096 - services.file_service - WARNING - File retrieval attempt by non-existent user: 
2025-04-03 22:18:45,444 - services.file_service - WARNING - File retrieval attempt by non-existent user: 
2025-04-03 22:18:45,566 - services.file_service - WARNING - File retrieval attempt by non-existent user: 
2025-04-03 22:19:05,834 - services.file_service - WARNING - File retrieval attempt by non-existent user:  
2025-04-03 22:19:05,954 - services.file_service - WARNING - File retrieval attempt by non-existent user:  
2025-04-03 22:19:05,956 - services.file_service - WARNING - File retrieval attempt by non-existent user:  
2025-04-03 22:19:06,395 - slowapi - WARNING - ratelimit 5 per 3 minute (127.0.0.1) exceeded at endpoint: /api/v1/users/
2025-04-03 22:19:06,399 - services.file_service - WARNING - File retrieval attempt by non-existent user:  
2025-04-03 22:19:06,639 - services.file_service - WARNING - File retrieval attempt by non-existent user:  
2025-04-03 22:19:06,640 - services.file_service - WARNING - File retrieval attempt by non-existent user:  
2025-04-03 22:19:06,642 - services.file_service - WARNING - File retrieval attempt by non-existent user:  
2025-04-03 22:19:06,748 - services.file_service - WARNING - File retrieval attempt by non-existent user:  
2025-04-03 22:24:36,618 - services.file_service - WARNING - File retrieval attempt by non-existent user:  
2025-04-03 22:24:36,621 - services.file_service - WARNING - File retrieval attempt by non-existent user:  
2025-04-03 22:24:36,623 - services.file_service - WARNING - File retrieval attempt by non-existent user:  
2025-04-03 22:24:36,934 - services.file_service - WARNING - File retrieval attempt by non-existent user:  
2025-04-03 22:24:36,935 - services.file_service - WARNING - File retrieval attempt by non-existent user:  
2025-04-03 22:24:36,937 - services.file_service - WARNING - File retrieval attempt by non-existent user:  
2025-04-03 22:24:37,079 - services.file_service - WARNING - File retrieval attempt by non-existent user:  
2025-04-03 22:24:37,189 - services.file_service - WARNING - File retrieval attempt by non-existent user:  
2025-04-03 22:55:03,056 - services.file_service - WARNING - File retrieval attempt by non-existent user:  
2025-04-03 22:55:03,059 - services.file_service - WARNING - File retrieval attempt by non-existent user:  
2025-04-03 22:55:03,177 - services.file_service - WARNING - File retrieval attempt by non-existent user:  
2025-04-03 22:55:03,468 - services.file_service - WARNING - File retrieval attempt by non-existent user:  
2025-04-03 22:55:03,469 - services.file_service - WARNING - File retrieval attempt by non-existent user:  
2025-04-03 22:55:03,694 - services.file_service - WARNING - File retrieval attempt by non-existent user:  
2025-04-03 23:58:59,145 - services.file_service - WARNING - File retrieval attempt by non-existent user:  
2025-04-03 23:58:59,148 - services.file_service - WARNING - File retrieval attempt by non-existent user:  
2025-04-03 23:58:59,149 - services.file_service - WARNING - File retrieval attempt by non-existent user:  
2025-04-03 23:58:59,308 - services.file_service - WARNING - File retrieval attempt by non-existent user:  
2025-04-03 23:58:59,309 - services.file_service - WARNING - File retrieval attempt by non-existent user:  
2025-04-03 23:58:59,310 - services.file_service - WARNING - File retrieval attempt by non-existent user:  
2025-04-04 00:00:22,316 - services.file_service - WARNING - File retrieval attempt by non-existent user:  
2025-04-04 00:00:22,317 - services.file_service - WARNING - File retrieval attempt by non-existent user:  
2025-04-04 00:00:22,319 - services.file_service - WARNING - File retrieval attempt by non-existent user:  
2025-04-04 00:00:22,441 - services.file_service - WARNING - File retrieval attempt by non-existent user:  
2025-04-04 00:00:22,443 - services.file_service - WARNING - File retrieval attempt by non-existent user:  
2025-04-04 00:00:22,445 - services.file_service - WARNING - File retrieval attempt by non-existent user:  
2025-04-04 00:02:45,262 - services.file_service - WARNING - File retrieval attempt by non-existent user:  
2025-04-04 00:02:45,332 - services.file_service - WARNING - File retrieval attempt by non-existent user:  
2025-04-04 00:02:45,621 - services.file_service - WARNING - File retrieval attempt by non-existent user:  
2025-04-04 00:02:45,737 - services.file_service - WARNING - File retrieval attempt by non-existent user:  
2025-04-04 00:02:45,739 - services.file_service - WARNING - File retrieval attempt by non-existent user:  
2025-04-04 00:02:45,747 - services.file_service - WARNING - File retrieval attempt by non-existent user:  
2025-04-04 00:02:48,451 - services.file_service - WARNING - File retrieval attempt by non-existent user:  
2025-04-04 00:02:48,452 - services.file_service - WARNING - File retrieval attempt by non-existent user:  
2025-04-04 00:02:48,458 - services.file_service - WARNING - File retrieval attempt by non-existent user:  
2025-04-04 00:02:48,843 - services.file_service - WARNING - File retrieval attempt by non-existent user:  
2025-04-04 00:02:48,854 - services.file_service - WARNING - File retrieval attempt by non-existent user:  
2025-04-04 00:02:48,874 - services.file_service - WARNING - File retrieval attempt by non-existent user:  
2025-04-04 00:03:51,313 - slowapi - WARNING - ratelimit 5 per 3 minute (127.0.0.1) exceeded at endpoint: /api/v1/users/
2025-04-04 00:03:51,315 - services.file_service - WARNING - File retrieval attempt by non-existent user:  
2025-04-04 00:03:51,316 - services.file_service - WARNING - File retrieval attempt by non-existent user:  
2025-04-04 00:03:51,317 - services.file_service - WARNING - File retrieval attempt by non-existent user:  
2025-04-04 00:03:51,447 - services.file_service - WARNING - File retrieval attempt by non-existent user:  
2025-04-04 00:03:51,448 - services.file_service - WARNING - File retrieval attempt by non-existent user:  
2025-04-04 00:03:51,449 - services.file_service - WARNING - File retrieval attempt by non-existent user:  
